<?xml version="1.0" encoding="UTF-8"?>
<!-- Generated by org.testng.reporters.JUnitReportReporter -->
<testsuite hostname="DESKTOP-2T3LOQC" failures="2" tests="2" name="StepDefinition.TestRunner" time="13.090" errors="0" timestamp="2022-04-23T22:54:42 CDT" skipped="0">
  <testcase classname="StepDefinition.TestRunner" name="runScenario" time="7.128">
    <failure message="expected [Compose] but found [compose]" type="java.lang.AssertionError">
      <![CDATA[java.lang.AssertionError: expected [Compose] but found [compose]
at org.testng.Assert.fail(Assert.java:110)
at org.testng.Assert.failNotEquals(Assert.java:1413)
at org.testng.Assert.assertEqualsImpl(Assert.java:149)
at org.testng.Assert.assertEquals(Assert.java:131)
at org.testng.Assert.assertEquals(Assert.java:655)
at org.testng.Assert.assertEquals(Assert.java:665)
at StepDefinition.LoginStepDef.users_is_navigated_to_homepage(LoginStepDef.java:53)
at ✽.users is navigated to homepage(file:///C:/Users/ramku/git/cucumberJava/cucumberJava/src/test/resources/features/login.feature:8)
]]>
    </failure>
  </testcase> <!-- runScenario -->
  <system-out/>
  <testcase classname="StepDefinition.TestRunner" name="runScenario" time="5.962">
    <failure message="expected [Compose] but found [compose]" type="java.lang.AssertionError">
      <![CDATA[java.lang.AssertionError: expected [Compose] but found [compose]
at org.testng.Assert.fail(Assert.java:110)
at org.testng.Assert.failNotEquals(Assert.java:1413)
at org.testng.Assert.assertEqualsImpl(Assert.java:149)
at org.testng.Assert.assertEquals(Assert.java:131)
at org.testng.Assert.assertEquals(Assert.java:655)
at org.testng.Assert.assertEquals(Assert.java:665)
at StepDefinition.LoginStepDef.users_is_navigated_to_homepage(LoginStepDef.java:53)
at ✽.users is navigated to homepage(file:///C:/Users/ramku/git/cucumberJava/cucumberJava/src/test/resources/features/login.feature:8)
]]>
    </failure>
  </testcase> <!-- runScenario -->
  <system-out/>
</testsuite> <!-- StepDefinition.TestRunner -->
