<?xml version="1.0" encoding="UTF-8"?>
<!-- Generated by org.testng.reporters.JUnitReportReporter -->
<testsuite hostname="DESKTOP-2T3LOQC" failures="0" tests="2" name="StepDefinition.CucumberRunner" time="14.104" errors="0" timestamp="2022-04-23T16:15:26 CDT" skipped="0">
  <testcase classname="StepDefinition.CucumberRunner" name="runScenario" time="6.194"/>
  <system-out/>
  <testcase classname="StepDefinition.CucumberRunner" name="runScenario" time="7.910"/>
  <system-out/>
</testsuite> <!-- StepDefinition.CucumberRunner -->
