<?xml version="1.0" encoding="UTF-8"?>
<!-- Generated by org.testng.reporters.JUnitReportReporter -->
<testsuite hostname="DESKTOP-2T3LOQC" failures="0" tests="2" name="StepDefinition.CucumberRunner" time="0.126" errors="0" timestamp="2022-04-21T23:28:14 CDT" skipped="0">
  <testcase classname="StepDefinition.CucumberRunner" name="runScenario" time="0.014"/>
  <system-out/>
  <testcase classname="StepDefinition.CucumberRunner" name="runScenario" time="0.112"/>
  <system-out/>
</testsuite> <!-- StepDefinition.CucumberRunner -->
